IQ-TREE multicore version 2.2.0 COVID-edition for Mac OS X 64-bit built Jun  1 2022
Developed by Bui Quang Minh, James Barbetti, Nguyen Lam Tung,
Olga Chernomor, Heiko Schmidt, Dominik Schrempf, Michael Woodhams, Ly Trong Nhan.

Host:    Caitlins-MacBook-Pro.local (AVX2, FMA3, 8 GB RAM)
Command: iqtree2 -s alignment3.fasta -m MFP
Seed:    433356 (Using SPRNG - Scalable Parallel Random Number Generator)
Time:    Fri Sep  1 11:24:46 2023
Kernel:  AVX+FMA - 1 threads (4 CPU cores detected)

HINT: Use -nt option to specify number of threads because your CPU has 4 cores!
HINT: -nt AUTO will automatically determine the best number of threads to use.

Reading alignment file alignment3.fasta ... Fasta format detected
Reading fasta file: done in 0.000307083 secs using 83.04% CPU
Alignment most likely contains DNA/RNA sequences
Constructing alignment: done in 0.00160909 secs using 64.57% CPU
Alignment has 10 sequences with 1000 columns, 998 distinct patterns
974 parsimony-informative, 26 singleton sites, 0 constant sites
     Gap/Ambiguity  Composition  p-value
Analyzing sequences: done in 4.91142e-05 secs using 87.55% CPU
   1  t5     0.00%    passed     75.05%
   2  t3     0.00%    passed      5.07%
   3  t10    0.00%    passed     48.33%
   4  t6     0.00%    passed     38.65%
   5  t4     0.00%    passed     11.30%
   6  t2     0.00%    passed     86.80%
   7  t8     0.00%    passed     30.85%
   8  t7     0.00%    passed     83.43%
   9  t9     0.00%    passed     98.23%
  10  t1     0.00%    passed     11.16%
****  TOTAL    0.00%  0 sequences failed composition chi2 test (p-value<5%; df=3)
Checking for duplicate sequences: done in 5.6982e-05 secs using 80.73% CPU


Create initial parsimony tree by phylogenetic likelihood library (PLL)... 0.001 seconds
Perform fast likelihood tree search using GTR+ASC+G model...
Estimate model parameters (epsilon = 5.000)
Perform nearest neighbor interchange...
Optimizing NNI: done in 0.014936 secs using 99.91% CPU
Estimate model parameters (epsilon = 1.000)
1. Initial log-likelihood: -13603.020
2. Current log-likelihood: -13601.220
3. Current log-likelihood: -13597.724
4. Current log-likelihood: -13593.994
5. Current log-likelihood: -13590.158
6. Current log-likelihood: -13586.365
7. Current log-likelihood: -13582.725
8. Current log-likelihood: -13579.348
9. Current log-likelihood: -13576.315
10. Current log-likelihood: -13573.692
11. Current log-likelihood: -13571.527
12. Current log-likelihood: -13569.344
13. Current log-likelihood: -13567.944
Optimal log-likelihood: -13567.007
Rate parameters:  A-C: 1.07476  A-G: 0.96614  A-T: 0.86448  C-G: 0.99282  C-T: 1.03693  G-T: 1.00000
Base frequencies:  A: 0.261  C: 0.242  G: 0.252  T: 0.245
Gamma shape alpha: 43.641
Parameters optimization took 13 rounds (0.133 sec)
Time for fast ML tree search: 0.189 seconds

NOTE: ModelFinder requires 3 MB RAM!
ModelFinder will test up to 484 DNA models (sample size: 1000) ...
 No. Model         -LnL         df  AIC          AICc         BIC
  1  GTR+F         13567.032    25  27184.063    27185.398    27306.757
  2  GTR+F+ASC     13566.549    25  27183.099    27184.433    27305.792
  3  GTR+F+G4      13567.047    26  27186.093    27187.536    27313.695
  4  GTR+F+ASC+G4  13566.559    26  27185.118    27186.561    27312.719
  5  GTR+F+R2      13567.439    27  27188.878    27190.434    27321.388
  6  GTR+F+R3      13567.269    29  27192.539    27194.333    27334.864
 14  GTR+F+ASC+R2  13567.401    27  27188.802    27190.358    27321.312
 15  GTR+F+ASC+R3  13567.166    29  27192.332    27194.126    27334.657
 23  SYM           13569.678    22  27183.356    27184.392    27291.327
 24  SYM+ASC       13569.203    22  27182.406    27183.442    27290.376
 25  SYM+G4        13569.685    23  27185.370    27186.501    27298.248
 26  SYM+ASC+G4    13569.215    23  27184.431    27185.562    27297.309
 45  TVM+F         13567.263    24  27182.527    27183.757    27300.313
 46  TVM+F+ASC     13566.786    24  27181.572    27182.802    27299.358
 47  TVM+F+G4      13567.278    25  27184.556    27185.890    27307.250
 48  TVM+F+ASC+G4  13566.795    25  27183.589    27184.924    27306.283
 67  TVMe          13569.684    21  27181.369    27182.313    27284.431
 68  TVMe+ASC      13569.211    21  27180.422    27181.367    27283.485
 69  TVMe+G4       13569.694    22  27183.389    27184.425    27291.360
 70  TVMe+ASC+G4   13569.224    22  27182.448    27183.484    27290.419
 89  TIM3+F        13567.784    23  27181.569    27182.700    27294.447
 90  TIM3+F+ASC    13567.302    23  27180.603    27181.734    27293.481
 91  TIM3+F+G4     13567.800    24  27183.600    27184.831    27301.386
 92  TIM3+F+ASC+G4 13567.311    24  27182.622    27183.853    27300.408
111  TIM3e         13570.347    20  27180.694    27181.552    27278.849
112  TIM3e+ASC     13569.868    20  27179.736    27180.594    27277.891
113  TIM3e+G4      13570.352    21  27182.704    27183.648    27285.766
114  TIM3e+ASC+G4  13569.881    21  27181.762    27182.706    27284.824
133  TIM2+F        13568.665    23  27183.330    27184.462    27296.209
134  TIM2+F+ASC    13568.185    23  27182.371    27183.502    27295.249
135  TIM2+F+G4     13568.681    24  27185.361    27186.592    27303.147
136  TIM2+F+ASC+G4 13568.195    24  27184.390    27185.620    27302.176
155  TIM2e         13571.127    20  27182.253    27183.111    27280.408
156  TIM2e+ASC     13570.654    20  27181.307    27182.165    27279.462
157  TIM2e+G4      13571.134    21  27184.268    27185.212    27287.330
158  TIM2e+ASC+G4  13570.662    21  27183.325    27184.270    27286.388
177  TIM+F         13568.044    23  27182.088    27183.219    27294.966
178  TIM+F+ASC     13567.568    23  27181.136    27182.268    27294.015
179  TIM+F+G4      13568.058    24  27184.115    27185.346    27301.901
180  TIM+F+ASC+G4  13567.577    24  27183.153    27184.384    27300.939
199  TIMe          13570.467    20  27180.933    27181.791    27279.088
200  TIMe+ASC      13569.996    20  27179.992    27180.850    27278.148
201  TIMe+G4       13570.475    21  27182.950    27183.895    27286.013
202  TIMe+ASC+G4   13570.005    21  27182.009    27182.954    27285.072
221  TPM3u+F       13568.020    22  27180.040    27181.076    27288.010
222  TPM3u+F+ASC   13567.541    22  27179.082    27180.118    27287.052
223  TPM3u+F+G4    13568.034    23  27182.068    27183.199    27294.946
224  TPM3u+F+ASC+G4 13567.549    23  27181.099    27182.230    27293.977
243  TPM3          13570.355    19  27178.709    27179.485    27271.956
244  TPM3+ASC      13569.878    19  27177.757    27178.532    27271.004
245  TPM3+G4       13570.365    20  27180.729    27181.587    27278.884
246  TPM3+ASC+G4   13569.891    20  27179.783    27180.641    27277.938
265  TPM2u+F       13568.895    22  27181.791    27182.827    27289.761
266  TPM2u+F+ASC   13568.420    22  27180.839    27181.875    27288.810
267  TPM2u+F+G4    13568.906    23  27183.813    27184.944    27296.691
268  TPM2u+F+ASC+G4 13568.425    23  27182.850    27183.981    27295.728
287  TPM2          13571.136    19  27180.272    27181.047    27273.519
288  TPM2+ASC      13570.663    19  27179.325    27180.101    27272.573
289  TPM2+G4       13571.143    20  27182.286    27183.144    27280.441
290  TPM2+ASC+G4   13570.672    20  27181.343    27182.201    27279.499
309  K3Pu+F        13568.267    22  27180.534    27181.570    27288.504
310  K3Pu+F+ASC    13567.795    22  27179.590    27180.626    27287.561
311  K3Pu+F+G4     13568.277    23  27182.554    27183.685    27295.432
312  K3Pu+F+ASC+G4 13567.799    23  27181.598    27182.729    27294.477
331  K3P           13570.475    19  27178.951    27179.726    27272.198
332  K3P+ASC       13570.005    19  27178.009    27178.785    27271.256
333  K3P+G4        13570.484    20  27180.967    27181.825    27279.123
334  K3P+ASC+G4    13570.014    20  27180.027    27180.885    27278.182
353  TN+F          13568.746    22  27181.492    27182.527    27289.462
354  TN+F+ASC      13568.267    22  27180.535    27181.571    27288.505
355  TN+F+G4       13568.761    23  27183.523    27184.654    27296.401
356  TN+F+ASC+G4   13568.277    23  27182.554    27183.685    27295.432
375  TNe           13571.145    19  27180.290    27181.066    27273.538
376  TNe+ASC       13570.672    19  27179.343    27180.119    27272.591
377  TNe+G4        13571.149    20  27182.298    27183.156    27280.453
378  TNe+ASC+G4    13570.678    20  27181.355    27182.213    27279.510
397  HKY+F         13568.972    21  27179.943    27180.888    27283.006
398  HKY+F+ASC     13568.497    21  27178.994    27179.939    27282.057
399  HKY+F+G4      13568.985    22  27181.971    27183.006    27289.941
400  HKY+F+ASC+G4  13568.505    22  27181.010    27182.046    27288.981
419  K2P           13571.149    18  27178.298    27178.996    27266.638
420  K2P+ASC       13570.675    18  27177.351    27178.048    27265.690
421  K2P+G4        13571.159    19  27180.318    27181.093    27273.565
422  K2P+ASC+G4    13570.688    19  27179.376    27180.151    27272.623
441  F81+F         13568.996    20  27177.992    27178.850    27276.147
442  F81+F+ASC     13568.521    20  27177.043    27177.901    27275.198
443  F81+F+G4      13569.010    21  27180.020    27180.965    27283.083
444  F81+F+ASC+G4  13568.530    21  27179.060    27180.004    27282.122
463  JC            13571.191    17  27176.382    27177.005    27259.814
464  JC+ASC        13570.717    17  27175.435    27176.058    27258.867
465  JC+G4         13571.201    18  27178.402    27179.099    27266.742
466  JC+ASC+G4     13570.730    18  27177.460    27178.158    27265.800
Akaike Information Criterion:           JC+ASC
Corrected Akaike Information Criterion: JC+ASC
Bayesian Information Criterion:         JC+ASC
Best-fit model: JC+ASC chosen according to BIC

All model information printed to alignment3.fasta.model.gz
CPU time for ModelFinder: 1.994 seconds (0h:0m:1s)
Wall-clock time for ModelFinder: 2.036 seconds (0h:0m:2s)

NOTE: 0 MB RAM (0 GB) is required!
Estimate model parameters (epsilon = 0.100)
1. Initial log-likelihood: -13570.717
Optimal log-likelihood: -13570.717
Rate parameters:  A-C: 1.00000  A-G: 1.00000  A-T: 1.00000  C-G: 1.00000  C-T: 1.00000  G-T: 1.00000
Base frequencies:  A: 0.250  C: 0.250  G: 0.250  T: 0.250
Parameters optimization took 1 rounds (0.001 sec)
Wrote distance file to... 
Computing ML distances based on estimated model parameters...
Calculating distance matrix: done in 0.00022316 secs using 95% CPU
Computing ML distances took 0.000376 sec (of wall-clock time) 0.000353 sec (of CPU time)
Setting up auxiliary I and S matrices: done in 3.79086e-05 secs using 73.86% CPU
Constructing RapidNJ tree: done in 4.88758e-05 secs using 110.5% CPU
Computing RapidNJ tree took 0.000161 sec (of wall-clock time) 0.000130 sec (of CPU time)
Log-likelihood of RapidNJ tree: -13575.249
--------------------------------------------------------------------
|             INITIALIZING CANDIDATE TREE SET                      |
--------------------------------------------------------------------
Generating 98 parsimony trees... 0.104 second
Computing log-likelihood of 96 initial trees ... 0.083 seconds
Current best score: -13570.717

Do NNI search on 20 best initial trees
Optimizing NNI: done in 0.00524211 secs using 195.5% CPU
Estimate model parameters (epsilon = 0.100)
BETTER TREE FOUND at iteration 1: -13570.416
Optimizing NNI: done in 0.0114748 secs using 99.66% CPU
Optimizing NNI: done in 0.0118749 secs using 99.88% CPU
Optimizing NNI: done in 0.010246 secs using 98.65% CPU
Optimizing NNI: done in 0.014307 secs using 98.82% CPU
Optimizing NNI: done in 0.014713 secs using 98.99% CPU
Optimizing NNI: done in 0.010489 secs using 96.81% CPU
Optimizing NNI: done in 0.0117359 secs using 99.1% CPU
Optimizing NNI: done in 0.0148189 secs using 98.94% CPU
Optimizing NNI: done in 0.0139091 secs using 99.3% CPU
Iteration 10 / LogL: -13570.419 / Time: 0h:0m:0s
Optimizing NNI: done in 0.0133028 secs using 98.96% CPU
Optimizing NNI: done in 0.0127339 secs using 99.43% CPU
Optimizing NNI: done in 0.01226 secs using 98.89% CPU
Optimizing NNI: done in 0.013562 secs using 98.51% CPU
Optimizing NNI: done in 0.011147 secs using 99.33% CPU
Optimizing NNI: done in 0.00960302 secs using 99.35% CPU
Optimizing NNI: done in 0.0222299 secs using 98.7% CPU
Optimizing NNI: done in 0.00915003 secs using 99.57% CPU
Optimizing NNI: done in 0.0185761 secs using 97.89% CPU
Optimizing NNI: done in 0.0095799 secs using 99.24% CPU
Iteration 20 / LogL: -13571.742 / Time: 0h:0m:0s
Finish initializing candidate tree set (5)
Current best tree score: -13570.416 / CPU time: 0.449
Number of iterations: 20
--------------------------------------------------------------------
|               OPTIMIZING CANDIDATE TREE SET                      |
--------------------------------------------------------------------
Optimizing NNI: done in 0.00718689 secs using 97.16% CPU
Optimizing NNI: done in 0.00503993 secs using 97.18% CPU
Optimizing NNI: done in 0.00543404 secs using 97.77% CPU
Optimizing NNI: done in 0.0096159 secs using 68.07% CPU
Optimizing NNI: done in 0.012037 secs using 92.04% CPU
Optimizing NNI: done in 0.00466204 secs using 99.96% CPU
Optimizing NNI: done in 0.01401 secs using 96.39% CPU
Optimizing NNI: done in 0.016979 secs using 96.55% CPU
Optimizing NNI: done in 0.00647497 secs using 99.43% CPU
Optimizing NNI: done in 0.004179 secs using 99.9% CPU
Iteration 30 / LogL: -13570.435 / Time: 0h:0m:0s (0h:0m:1s left)
Optimizing NNI: done in 0.00441694 secs using 99.71% CPU
Optimizing NNI: done in 0.010663 secs using 97.15% CPU
Optimizing NNI: done in 0.0199502 secs using 99.06% CPU
Optimizing NNI: done in 0.00584507 secs using 99.95% CPU
Estimate model parameters (epsilon = 0.100)
UPDATE BEST LOG-LIKELIHOOD: -13570.375
Optimizing NNI: done in 0.00575614 secs using 97.39% CPU
Optimizing NNI: done in 0.011997 secs using 99.28% CPU
Optimizing NNI: done in 0.0118241 secs using 99.2% CPU
Optimizing NNI: done in 0.0151088 secs using 98.35% CPU
Optimizing NNI: done in 0.00670004 secs using 99.34% CPU
Optimizing NNI: done in 0.010566 secs using 99.73% CPU
Iteration 40 / LogL: -13570.421 / Time: 0h:0m:0s (0h:0m:1s left)
Optimizing NNI: done in 0.00546908 secs using 97.11% CPU
Optimizing NNI: done in 0.0116091 secs using 99.38% CPU
Optimizing NNI: done in 0.0070219 secs using 98.26% CPU
Optimizing NNI: done in 0.014883 secs using 98.87% CPU
Optimizing NNI: done in 0.00892997 secs using 99.52% CPU
Optimizing NNI: done in 0.00558996 secs using 95.58% CPU
Optimizing NNI: done in 0.00667596 secs using 99.63% CPU
Optimizing NNI: done in 0.0116141 secs using 98.13% CPU
Optimizing NNI: done in 0.00630307 secs using 98.92% CPU
Optimizing NNI: done in 0.0122559 secs using 97.85% CPU
Iteration 50 / LogL: -13570.922 / Time: 0h:0m:0s (0h:0m:0s left)
Optimizing NNI: done in 0.0101531 secs using 99.15% CPU
Optimizing NNI: done in 0.00946498 secs using 99.93% CPU
Optimizing NNI: done in 0.010251 secs using 98.86% CPU
Optimizing NNI: done in 0.014322 secs using 98.68% CPU
Optimizing NNI: done in 0.00730705 secs using 99.25% CPU
Optimizing NNI: done in 0.00962281 secs using 99.58% CPU
Optimizing NNI: done in 0.0121641 secs using 98.22% CPU
Optimizing NNI: done in 0.00482488 secs using 99.88% CPU
Optimizing NNI: done in 0.00725102 secs using 99.45% CPU
Optimizing NNI: done in 0.00965691 secs using 99.1% CPU
Iteration 60 / LogL: -13570.449 / Time: 0h:0m:0s (0h:0m:0s left)
Optimizing NNI: done in 0.0112259 secs using 98.88% CPU
Optimizing NNI: done in 0.0151601 secs using 96.72% CPU
Optimizing NNI: done in 0.0103629 secs using 99.87% CPU
Optimizing NNI: done in 0.00762987 secs using 97.87% CPU
Optimizing NNI: done in 0.00446987 secs using 99.31% CPU
Optimizing NNI: done in 0.00807095 secs using 98.34% CPU
Optimizing NNI: done in 0.00417304 secs using 99.86% CPU
Optimizing NNI: done in 0.0136678 secs using 98.76% CPU
Optimizing NNI: done in 0.00914001 secs using 98.24% CPU
Optimizing NNI: done in 0.010277 secs using 99.39% CPU
Iteration 70 / LogL: -13570.963 / Time: 0h:0m:0s (0h:0m:0s left)
Optimizing NNI: done in 0.011368 secs using 98.44% CPU
Optimizing NNI: done in 0.0168302 secs using 95.01% CPU
Optimizing NNI: done in 0.00761604 secs using 99.01% CPU
Optimizing NNI: done in 0.011862 secs using 90.6% CPU
Optimizing NNI: done in 0.016192 secs using 93.61% CPU
Optimizing NNI: done in 0.0156729 secs using 96.9% CPU
Optimizing NNI: done in 0.00406694 secs using 99.61% CPU
Optimizing NNI: done in 0.0131459 secs using 99.48% CPU
Optimizing NNI: done in 0.0105412 secs using 97.45% CPU
Optimizing NNI: done in 0.00654507 secs using 99.91% CPU
Iteration 80 / LogL: -13570.445 / Time: 0h:0m:1s (0h:0m:0s left)
Optimizing NNI: done in 0.00382209 secs using 98.79% CPU
UPDATE BEST LOG-LIKELIHOOD: -13570.374
Optimizing NNI: done in 0.0116541 secs using 99.57% CPU
Optimizing NNI: done in 0.00962186 secs using 98.17% CPU
Optimizing NNI: done in 0.014915 secs using 97.44% CPU
Optimizing NNI: done in 0.00909495 secs using 99.92% CPU
Optimizing NNI: done in 0.011452 secs using 96.11% CPU
Optimizing NNI: done in 0.00744987 secs using 98.85% CPU
Optimizing NNI: done in 0.0131361 secs using 98.93% CPU
Optimizing NNI: done in 0.00700688 secs using 99.03% CPU
Optimizing NNI: done in 0.0100181 secs using 99.58% CPU
Iteration 90 / LogL: -13570.390 / Time: 0h:0m:1s (0h:0m:0s left)
Optimizing NNI: done in 0.00602198 secs using 99.7% CPU
Optimizing NNI: done in 0.0143461 secs using 98.7% CPU
Optimizing NNI: done in 0.012418 secs using 98.74% CPU
Optimizing NNI: done in 0.00396895 secs using 98.19% CPU
Optimizing NNI: done in 0.00409794 secs using 99.54% CPU
Optimizing NNI: done in 0.00804186 secs using 95.75% CPU
Optimizing NNI: done in 0.00758123 secs using 99.19% CPU
Optimizing NNI: done in 0.0149519 secs using 97.61% CPU
Optimizing NNI: done in 0.0036521 secs using 99.83% CPU
UPDATE BEST LOG-LIKELIHOOD: -13570.374
Optimizing NNI: done in 0.0135472 secs using 98.45% CPU
Iteration 100 / LogL: -13570.443 / Time: 0h:0m:1s (0h:0m:0s left)
Optimizing NNI: done in 0.020026 secs using 98.5% CPU
Optimizing NNI: done in 0.0115969 secs using 98.66% CPU
TREE SEARCH COMPLETED AFTER 102 ITERATIONS / Time: 0h:0m:1s

--------------------------------------------------------------------
|                    FINALIZING TREE SEARCH                        |
--------------------------------------------------------------------
Performs final model parameters optimization
Estimate model parameters (epsilon = 0.010)
1. Initial log-likelihood: -13570.374
Optimal log-likelihood: -13570.374
Rate parameters:  A-C: 1.00000  A-G: 1.00000  A-T: 1.00000  C-G: 1.00000  C-T: 1.00000  G-T: 1.00000
Base frequencies:  A: 0.250  C: 0.250  G: 0.250  T: 0.250
Parameters optimization took 1 rounds (0.001 sec)
BEST SCORE FOUND : -13570.374
Total tree length: 9.041

Total number of iterations: 102
CPU time used for tree search: 1.457 sec (0h:0m:1s)
Wall-clock time used for tree search: 1.297 sec (0h:0m:1s)
Total CPU time used: 1.475 sec (0h:0m:1s)
Total wall-clock time used: 1.312 sec (0h:0m:1s)

Analysis results written to: 
  IQ-TREE report:                alignment3.fasta.iqtree
  Maximum-likelihood tree:       alignment3.fasta.treefile
  Likelihood distances:          alignment3.fasta.mldist
  Screen log file:               alignment3.fasta.log

ALISIM COMMAND
--------------
--alisim simulated_MSA -t alignment3.fasta.treefile -m "JC+ASC" --length 1000

Date and Time: Fri Sep  1 11:24:49 2023
