IQ-TREE multicore version 2.2.2 COVID-edition for Linux 64-bit built Sep 20 2022
Developed by Bui Quang Minh, James Barbetti, Nguyen Lam Tung,
Olga Chernomor, Heiko Schmidt, Dominik Schrempf, Michael Woodhams, Ly Trong Nhan.

Host:    soma.rsb.anu.edu.au (AVX2, FMA3, 503 GB RAM)
Command: /data/caitlin/executables/iqtree-2.2.2-Linux/bin/iqtree2 -te /data/caitlin/treelikeness_metrics/empirical_treelikeness_output/WEA17/WEA17.fa.treefile -s /data/caitlin/treelikeness_metrics/empirical_treelikeness_output/WEA17/WEA17.fa -m Q.insect+R8{0.1639,0.0315,0.1812,0.1846,0.1454,0.4618,0.1171,0.7116,0.1742,1.1628,0.1403,2.0884,0.0676,3.6840,0.0103,6.4538} --scfl 100 -nt 30 -safe -pre /data/caitlin/treelikeness_metrics/empirical_treelikeness_output/WEA17/scfl
Seed:    30550 (Using SPRNG - Scalable Parallel Random Number Generator)
Time:    Wed Aug 23 12:03:28 2023
Kernel:  Safe AVX+FMA - 30 threads (56 CPU cores detected)

Reading alignment file /data/caitlin/treelikeness_metrics/empirical_treelikeness_output/WEA17/WEA17.fa ... Fasta format detected
Reading fasta file: done in 0.042933 secs using 89.9% CPU
Alignment most likely contains protein sequences
Constructing alignment: done in 0.207154 secs using 2306% CPU
Alignment has 76 sequences with 49388 columns, 47424 distinct patterns
35590 parsimony-informative, 6650 singleton sites, 7148 constant sites
                                     Gap/Ambiguity  Composition  p-value
Analyzing sequences: done in 0.00207686 secs using 2539% CPU
   1  Beroe_sp_Antarctica                   94.18%    passed     48.97%
   2  Mertensiidae_sp_Washington_USA        87.98%    passed     12.19%
   3  Ctenophora_sp_Florida_USA             95.80%    failed      0.88%
   4  Bolocera_tuediae                      75.56%    failed      0.00%
   5  Vallicula_sp                          80.04%    passed     11.30%
   6  Drosophila_melanogaster                2.18%    failed      0.00%
   7  Ocyropsis_sp_Florida_USA              92.76%    failed      1.01%
   8  Rossella_fibulata                     20.50%    failed      0.00%
   9  Abylopsis_tetragona                   30.14%    failed      0.00%
  10  Pleurobrachia_pileus                  68.09%    failed      0.03%
  11  Ocyropsis_crystallina                 71.54%    failed      0.00%
  12  Eunicella_verrucosa                   19.14%    failed      0.00%
  13  Dryodora_glandiformis                 76.62%    failed      0.81%
  14  Euplokamis_dunlapae                   82.42%    failed      0.03%
  15  Daphnia_pulex                          6.06%    failed      3.90%
  16  Eurhamphaea_vexilligera               86.37%    passed     23.02%
  17  Aiptasia_pallida                       6.93%    passed     11.13%
  18  Homo_sapiens                           0.39%    failed      0.00%
  19  Amphimedon_queenslandica              12.63%    failed      0.00%
  20  Petrosia_ficiformis                   44.46%    failed      0.05%
  21  Strongylocentrotus_purpatus           24.47%    passed     10.50%
  22  Physalia_physalia                     43.40%    failed      0.00%
  23  Hydra_vulgaris                        13.56%    failed      0.00%
  24  Beroe_sp_Queensland_Australia         85.78%    failed      0.48%
  25  Corticium_candelabrum                 60.50%    failed      1.14%
  26  Beroe_forskalii                       84.24%    failed      2.54%
  27  Nanomia_bijuga                        39.23%    failed      0.00%
  28  Lobata_sp_Punta_Arenas_Argentina      94.97%    failed      0.45%
  29  Acanthoeca_sp                         11.14%    failed      0.00%
  30  Sycon_ciliatum                         6.25%    failed      0.00%
  31  Sympagella_nux                        14.56%    failed      0.00%
  32  Spongilla_lacustris                   47.18%    failed      0.02%
  33  Monosiga_ovata                        62.01%    failed      0.00%
  34  Crella_elegans                        62.10%    failed      0.07%
  35  Cydippida_sp_Maryland_USA             64.72%    failed      0.02%
  36  Ocyropsis_sp_Bimini_Bahamas           83.30%    failed      2.14%
  37  Mnemiopsis_leidyi                     76.92%    failed      0.00%
  38  Mycale_phylophylla                    32.72%    failed      0.02%
  39  Hemithris_psittacea                   22.99%    failed      2.73%
  40  Callianira_Antarctica                 88.04%    failed      0.24%
  41  Agalma_elegans                        28.37%    failed      0.00%
  42  Cestum_veneris                        91.73%    failed      0.01%
  43  Cydippida_sp                          90.39%    passed      8.43%
  44  Capitella_teleta                       5.68%    passed     13.47%
  45  Salpingoeca_pyxidium                  65.88%    failed      0.00%
  46  Salpingoeca_rosetta                    5.26%    failed      0.00%
  47  Chondrilla_nucula                     47.63%    failed      0.26%
  48  Trichoplax_adhaerens                   9.68%    failed      0.00%
  49  Pleurobrachia_bachei                  77.14%    failed      0.00%
  50  Monosiga_brevicolis                    9.99%    failed      0.00%
  51  Lobatolampea_tetragona                94.49%    failed      3.04%
  52  Beroe_abyssicola                      78.33%    failed      0.02%
  53  Hydra_viridissima                     57.14%    failed      0.00%
  54  Acropora_digitifera                   57.32%    failed      0.95%
  55  Bolinopsis_infundibulum               96.19%    passed     28.11%
  56  Cliona_varians                        32.02%    failed      0.54%
  57  Kirkpatrickia_variolosa               26.67%    passed     15.00%
  58  Latrunculia_apicalis                  21.22%    failed      0.00%
  59  Hormiphora_palmata                    88.25%    passed      7.38%
  60  Hyalonema_populiferum                 57.26%    failed      0.00%
  61  Coeloplana_astericola                 77.65%    failed      0.00%
  62  Periphyla_periphyla                   56.39%    failed      0.00%
  63  Mertensiidae_sp_Antarctica            87.95%    failed      0.00%
  64  Hormathia_digitata                    61.70%    failed      0.00%
  65  Hydra_oligactis                       62.51%    failed      0.00%
  66  Pseudospongosorites_suberitoides      73.94%    failed      0.00%
  67  Sycon_coactum                         24.17%    failed      0.00%
  68  Ircinia_fasciculata                   63.73%    failed      0.00%
  69  Bolinopsis_ashleyi                    84.40%    failed      0.00%
  70  Pleurobrachia_sp_South_Carolina_USA   90.88%    failed      1.76%
  71  Aphrocallistes_vastus                  6.27%    failed      0.00%
  72  Oscarella_carmela                      2.26%    failed      0.00%
  73  Beroe_ovata                           95.26%    passed     28.61%
  74  Craseo_lathetica                      43.33%    failed      0.00%
  75  Nematostella_vectensis                13.18%    passed     29.40%
  76  Hormiphora_californica                57.25%    failed      0.00%
WARNING: 43 sequences contain more than 50% gaps/ambiguity
****  TOTAL                                 52.81%  63 sequences failed composition chi2 test (p-value<5%; df=19)
Checking for duplicate sequences: done in 0.0211029 secs using 2706% CPU
Reading input tree file /data/caitlin/treelikeness_metrics/empirical_treelikeness_output/WEA17/WEA17.fa.treefile ...

NOTE: 4456 MB RAM (4 GB) is required!
Estimate model parameters (epsilon = 0.010)
1. Initial log-likelihood: -1768686.752
Optimal log-likelihood: -1768686.751
Site proportion and rates:  (0.164,0.031) (0.181,0.185) (0.145,0.462) (0.117,0.711) (0.174,1.163) (0.140,2.088) (0.068,3.683) (0.010,6.453)
Parameters optimization took 1 rounds (3.275 sec)
Wrote distance file to... 
BEST SCORE FOUND : -1768686.751
Total tree length: 17.732

Total number of iterations: 0
CPU time used for tree search: 0.001 sec (0h:0m:0s)
Wall-clock time used for tree search: 0.000 sec (0h:0m:0s)
Total CPU time used: 93.387 sec (0h:1m:33s)
Total wall-clock time used: 3.339 sec (0h:0m:3s)
Computing site concordance factor using likelihood...
40.850 sec
Tree with site concordance factors written to /data/caitlin/treelikeness_metrics/empirical_treelikeness_output/WEA17/scfl.cf.tree
Annotated tree (best viewed in FigTree) written to /data/caitlin/treelikeness_metrics/empirical_treelikeness_output/WEA17/scfl.cf.tree.nex

Analysis results written to: 
  IQ-TREE report:                /data/caitlin/treelikeness_metrics/empirical_treelikeness_output/WEA17/scfl.iqtree
  Maximum-likelihood tree:       /data/caitlin/treelikeness_metrics/empirical_treelikeness_output/WEA17/scfl.treefile
  Screen log file:               /data/caitlin/treelikeness_metrics/empirical_treelikeness_output/WEA17/scfl.log

ALISIM COMMAND
--------------
--alisim simulated_MSA -t /data/caitlin/treelikeness_metrics/empirical_treelikeness_output/WEA17/scfl.treefile -m "Q.insect+R8{0.1639,0.0314949,0.1812,0.18457,0.1454,0.461726,0.1171,0.711485,0.1742,1.16261,0.1403,2.08806,0.0676,3.68341,0.0103,6.45276}" --length 49388

Date and Time: Wed Aug 23 12:04:12 2023
